<?xml version="1.0" encoding="UTF-8"?>
<!-- Generated by org.testng.reporters.JUnitXMLReporter -->
<testsuite ignored="0" hostname="DESKTOP-10G1S0V" failures="0" tests="3" name="Default test" time="175.491" errors="0" timestamp="2024-10-06T11:15:09 IST">
  <testcase classname="SeleniumLevel1.AutomationChallenge.StandAloneTest" name="StandaloneTest" time="2.085"/>
  <testcase classname="SeleniumLevel1.AutomationChallenge.StandAloneTest" name="StandaloneTest" time="1.395"/>
  <testcase classname="SeleniumLevel1.AutomationChallenge.StandAloneTest" name="editRow" time="0.679"/>
</testsuite> <!-- Default test -->
